[19:31:11] [main/INFO]: Environment: authHost='https://authserver.mojang.com', accountsHost='https://api.mojang.com', sessionHost='https://sessionserver.mojang.com', servicesHost='https://api.minecraftservices.com', name='PROD'
[19:31:17] [main/INFO]: Found new data pack file/bukkit, loading it automatically
[19:31:18] [main/INFO]: Reloading ResourceManager: Default, bukkit
[19:31:20] [Worker-Main-2/INFO]: Loaded 7 recipes
[19:31:25] [Server thread/INFO]: Starting minecraft server version 1.16.5
[19:31:25] [Server thread/INFO]: Loading properties
[19:31:26] [Server thread/INFO]: This server is running CraftBukkit version 2991-Spigot-018b9a0-f3f3094 (MC: 1.16.5) (Implementing API version 1.16.5-R0.1-SNAPSHOT)
[19:31:38] [Server thread/INFO]: Debug logging is disabled
[19:31:39] [Server thread/INFO]: Using 4 threads for Netty based IO
[19:31:39] [Server thread/INFO]: Server Ping Player Sample Count: 12
[19:31:40] [Server thread/INFO]: Default game type: SURVIVAL
[19:31:40] [Server thread/INFO]: Generating keypair
[19:31:41] [Server thread/INFO]: Starting Minecraft server on *:25551
[19:31:42] [Server thread/INFO]: Using default channel type
[19:31:57] [Server thread/WARN]: **** SERVER IS RUNNING IN OFFLINE/INSECURE MODE!
[19:31:57] [Server thread/WARN]: The server will make no attempt to authenticate usernames. Beware.
[19:31:57] [Server thread/WARN]: Whilst this makes it possible to use BungeeCord, unless access to your server is properly restricted, it also opens up the ability for hackers to connect with any username they choose.
[19:31:57] [Server thread/WARN]: Please see http://www.spigotmc.org/wiki/firewall-guide/ for further information.
[19:31:57] [Server thread/WARN]: To change this, set "online-mode" to "true" in the server.properties file.
[19:31:57] [Server thread/INFO]: Preparing level "world"
[19:31:58] [Server thread/INFO]: -------- World Settings For [world] --------
[19:31:58] [Server thread/INFO]: Arrow Despawn Rate: 1200 Trident Respawn Rate:1200
[19:31:58] [Server thread/INFO]: Item Despawn Rate: 6000
[19:31:58] [Server thread/INFO]: Item Merge Radius: 2.5
[19:31:58] [Server thread/INFO]: Allow Zombie Pigmen to spawn from portal blocks: true
[19:31:58] [Server thread/INFO]: View Distance: 10
[19:31:58] [Server thread/INFO]: Entity Tracking Range: Pl 48 / An 48 / Mo 48 / Mi 32 / Other 64
[19:31:58] [Server thread/INFO]: Hopper Transfer: 8 Hopper Check: 1 Hopper Amount: 1
[19:31:58] [Server thread/INFO]: Entity Activation Range: An 32 / Mo 32 / Ra 48 / Mi 16 / Tiv true
[19:31:58] [Server thread/INFO]: Zombie Aggressive Towards Villager: true
[19:31:58] [Server thread/INFO]: Nerfing mobs spawned from spawners: false
[19:31:58] [Server thread/INFO]: Experience Merge Radius: 3.0
[19:31:58] [Server thread/INFO]: Mob Spawn Range: 6
[19:31:58] [Server thread/INFO]: Cactus Growth Modifier: 100%
[19:31:58] [Server thread/INFO]: Cane Growth Modifier: 100%
[19:31:58] [Server thread/INFO]: Melon Growth Modifier: 100%
[19:31:58] [Server thread/INFO]: Mushroom Growth Modifier: 100%
[19:31:58] [Server thread/INFO]: Pumpkin Growth Modifier: 100%
[19:31:58] [Server thread/INFO]: Sapling Growth Modifier: 100%
[19:31:58] [Server thread/INFO]: Beetroot Growth Modifier: 100%
[19:31:58] [Server thread/INFO]: Carrot Growth Modifier: 100%
[19:31:58] [Server thread/INFO]: Potato Growth Modifier: 100%
[19:31:58] [Server thread/INFO]: Wheat Growth Modifier: 100%
[19:31:58] [Server thread/INFO]: NetherWart Growth Modifier: 100%
[19:31:58] [Server thread/INFO]: Vine Growth Modifier: 100%
[19:31:58] [Server thread/INFO]: Cocoa Growth Modifier: 100%
[19:31:58] [Server thread/INFO]: Bamboo Growth Modifier: 100%
[19:31:58] [Server thread/INFO]: SweetBerry Growth Modifier: 100%
[19:31:58] [Server thread/INFO]: Kelp Growth Modifier: 100%
[19:31:58] [Server thread/INFO]: Custom Map Seeds:  Village: 10387312 Desert: 14357617 Igloo: 14357618 Jungle: 14357619 Swamp: 14357620 Monument: 10387313 Ocean: 14357621 Shipwreck: 165745295 End City: 10387313 Slime: 987234911 Bastion: 30084232 Fortress: 30084232 Mansion: 10387319 Fossil: 14357921 Portal: 34222645
[19:31:58] [Server thread/INFO]: Tile Max Tick Time: 50ms Entity max Tick Time: 50ms
[19:31:58] [Server thread/INFO]: Max TNT Explosions: 100
[19:32:15] [Server thread/INFO]: -------- World Settings For [world_nether] --------
[19:32:15] [Server thread/INFO]: Arrow Despawn Rate: 1200 Trident Respawn Rate:1200
[19:32:15] [Server thread/INFO]: Item Despawn Rate: 6000
[19:32:15] [Server thread/INFO]: Item Merge Radius: 2.5
[19:32:15] [Server thread/INFO]: Allow Zombie Pigmen to spawn from portal blocks: true
[19:32:15] [Server thread/INFO]: View Distance: 10
[19:32:15] [Server thread/INFO]: Entity Tracking Range: Pl 48 / An 48 / Mo 48 / Mi 32 / Other 64
[19:32:15] [Server thread/INFO]: Hopper Transfer: 8 Hopper Check: 1 Hopper Amount: 1
[19:32:15] [Server thread/INFO]: Entity Activation Range: An 32 / Mo 32 / Ra 48 / Mi 16 / Tiv true
[19:32:15] [Server thread/INFO]: Zombie Aggressive Towards Villager: true
[19:32:15] [Server thread/INFO]: Nerfing mobs spawned from spawners: false
[19:32:15] [Server thread/INFO]: Experience Merge Radius: 3.0
[19:32:15] [Server thread/INFO]: Mob Spawn Range: 6
[19:32:15] [Server thread/INFO]: Cactus Growth Modifier: 100%
[19:32:15] [Server thread/INFO]: Cane Growth Modifier: 100%
[19:32:15] [Server thread/INFO]: Melon Growth Modifier: 100%
[19:32:15] [Server thread/INFO]: Mushroom Growth Modifier: 100%
[19:32:15] [Server thread/INFO]: Pumpkin Growth Modifier: 100%
[19:32:15] [Server thread/INFO]: Sapling Growth Modifier: 100%
[19:32:15] [Server thread/INFO]: Beetroot Growth Modifier: 100%
[19:32:15] [Server thread/INFO]: Carrot Growth Modifier: 100%
[19:32:15] [Server thread/INFO]: Potato Growth Modifier: 100%
[19:32:15] [Server thread/INFO]: Wheat Growth Modifier: 100%
[19:32:15] [Server thread/INFO]: NetherWart Growth Modifier: 100%
[19:32:15] [Server thread/INFO]: Vine Growth Modifier: 100%
[19:32:15] [Server thread/INFO]: Cocoa Growth Modifier: 100%
[19:32:15] [Server thread/INFO]: Bamboo Growth Modifier: 100%
[19:32:15] [Server thread/INFO]: SweetBerry Growth Modifier: 100%
[19:32:15] [Server thread/INFO]: Kelp Growth Modifier: 100%
[19:32:15] [Server thread/INFO]: Custom Map Seeds:  Village: 10387312 Desert: 14357617 Igloo: 14357618 Jungle: 14357619 Swamp: 14357620 Monument: 10387313 Ocean: 14357621 Shipwreck: 165745295 End City: 10387313 Slime: 987234911 Bastion: 30084232 Fortress: 30084232 Mansion: 10387319 Fossil: 14357921 Portal: 34222645
[19:32:15] [Server thread/INFO]: Tile Max Tick Time: 50ms Entity max Tick Time: 50ms
[19:32:15] [Server thread/INFO]: Max TNT Explosions: 100
[19:32:15] [Server thread/WARN]: Unable to find spawn biome
[19:32:19] [Server thread/INFO]: -------- World Settings For [world_the_end] --------
[19:32:19] [Server thread/INFO]: Arrow Despawn Rate: 1200 Trident Respawn Rate:1200
[19:32:19] [Server thread/INFO]: Item Despawn Rate: 6000
[19:32:19] [Server thread/INFO]: Item Merge Radius: 2.5
[19:32:19] [Server thread/INFO]: Allow Zombie Pigmen to spawn from portal blocks: true
[19:32:19] [Server thread/INFO]: View Distance: 10
[19:32:19] [Server thread/INFO]: Entity Tracking Range: Pl 48 / An 48 / Mo 48 / Mi 32 / Other 64
[19:32:19] [Server thread/INFO]: Hopper Transfer: 8 Hopper Check: 1 Hopper Amount: 1
[19:32:19] [Server thread/INFO]: Entity Activation Range: An 32 / Mo 32 / Ra 48 / Mi 16 / Tiv true
[19:32:19] [Server thread/INFO]: Zombie Aggressive Towards Villager: true
[19:32:19] [Server thread/INFO]: Nerfing mobs spawned from spawners: false
[19:32:19] [Server thread/INFO]: Experience Merge Radius: 3.0
[19:32:19] [Server thread/INFO]: Mob Spawn Range: 6
[19:32:19] [Server thread/INFO]: Cactus Growth Modifier: 100%
[19:32:19] [Server thread/INFO]: Cane Growth Modifier: 100%
[19:32:19] [Server thread/INFO]: Melon Growth Modifier: 100%
[19:32:19] [Server thread/INFO]: Mushroom Growth Modifier: 100%
[19:32:19] [Server thread/INFO]: Pumpkin Growth Modifier: 100%
[19:32:19] [Server thread/INFO]: Sapling Growth Modifier: 100%
[19:32:19] [Server thread/INFO]: Beetroot Growth Modifier: 100%
[19:32:19] [Server thread/INFO]: Carrot Growth Modifier: 100%
[19:32:19] [Server thread/INFO]: Potato Growth Modifier: 100%
[19:32:19] [Server thread/INFO]: Wheat Growth Modifier: 100%
[19:32:19] [Server thread/INFO]: NetherWart Growth Modifier: 100%
[19:32:19] [Server thread/INFO]: Vine Growth Modifier: 100%
[19:32:19] [Server thread/INFO]: Cocoa Growth Modifier: 100%
[19:32:19] [Server thread/INFO]: Bamboo Growth Modifier: 100%
[19:32:19] [Server thread/INFO]: SweetBerry Growth Modifier: 100%
[19:32:19] [Server thread/INFO]: Kelp Growth Modifier: 100%
[19:32:19] [Server thread/INFO]: Custom Map Seeds:  Village: 10387312 Desert: 14357617 Igloo: 14357618 Jungle: 14357619 Swamp: 14357620 Monument: 10387313 Ocean: 14357621 Shipwreck: 165745295 End City: 10387313 Slime: 987234911 Bastion: 30084232 Fortress: 30084232 Mansion: 10387319 Fossil: 14357921 Portal: 34222645
[19:32:19] [Server thread/INFO]: Tile Max Tick Time: 50ms Entity max Tick Time: 50ms
[19:32:19] [Server thread/INFO]: Max TNT Explosions: 100
[19:32:23] [Server thread/WARN]: Unable to find spawn biome
[19:32:24] [Server thread/INFO]: Preparing start region for dimension minecraft:overworld
[19:32:24] [Worker-Main-8/INFO]: Preparing spawn area: 0%
[19:32:25] [Worker-Main-8/INFO]: Preparing spawn area: 0%
[19:32:25] [Worker-Main-8/INFO]: Preparing spawn area: 0%
[19:32:27] [Worker-Main-8/INFO]: Preparing spawn area: 0%
[19:32:27] [Worker-Main-8/INFO]: Preparing spawn area: 0%
[19:32:27] [Worker-Main-8/INFO]: Preparing spawn area: 0%
[19:32:27] [Worker-Main-8/INFO]: Preparing spawn area: 0%
[19:32:28] [Worker-Main-8/INFO]: Preparing spawn area: 0%
[19:32:28] [Worker-Main-8/INFO]: Preparing spawn area: 0%
[19:32:29] [Worker-Main-8/INFO]: Preparing spawn area: 0%
[19:32:29] [Worker-Main-8/INFO]: Preparing spawn area: 0%
[19:32:30] [Worker-Main-8/INFO]: Preparing spawn area: 1%
[19:32:30] [Worker-Main-8/INFO]: Preparing spawn area: 1%
[19:32:31] [Worker-Main-8/INFO]: Preparing spawn area: 2%
[19:32:31] [Worker-Main-8/INFO]: Preparing spawn area: 2%
[19:32:32] [Worker-Main-8/INFO]: Preparing spawn area: 2%
[19:32:32] [Worker-Main-8/INFO]: Preparing spawn area: 2%
[19:32:32] [Worker-Main-8/INFO]: Preparing spawn area: 3%
[19:32:33] [Worker-Main-8/INFO]: Preparing spawn area: 3%
[19:32:33] [Worker-Main-8/INFO]: Preparing spawn area: 3%
[19:32:34] [Worker-Main-8/INFO]: Preparing spawn area: 3%
[19:32:35] [Worker-Main-8/INFO]: Preparing spawn area: 3%
[19:32:35] [Worker-Main-8/INFO]: Preparing spawn area: 4%
[19:32:36] [Worker-Main-8/INFO]: Preparing spawn area: 4%
[19:32:36] [Worker-Main-8/INFO]: Preparing spawn area: 5%
[19:32:37] [Worker-Main-8/INFO]: Preparing spawn area: 6%
[19:32:37] [Worker-Main-8/INFO]: Preparing spawn area: 6%
[19:32:38] [Worker-Main-8/INFO]: Preparing spawn area: 7%
[19:32:38] [Worker-Main-8/INFO]: Preparing spawn area: 8%
[19:32:39] [Worker-Main-8/INFO]: Preparing spawn area: 9%
[19:32:39] [Worker-Main-8/INFO]: Preparing spawn area: 9%
[19:32:39] [Worker-Main-8/INFO]: Preparing spawn area: 9%
[19:32:40] [Worker-Main-8/INFO]: Preparing spawn area: 10%
[19:32:41] [Worker-Main-8/INFO]: Preparing spawn area: 10%
[19:32:41] [Worker-Main-8/INFO]: Preparing spawn area: 10%
[19:32:43] [Worker-Main-8/INFO]: Preparing spawn area: 10%
[19:32:43] [Worker-Main-8/INFO]: Preparing spawn area: 10%
[19:32:43] [Worker-Main-8/INFO]: Preparing spawn area: 10%
[19:32:43] [Worker-Main-8/INFO]: Preparing spawn area: 10%
[19:32:44] [Worker-Main-8/INFO]: Preparing spawn area: 11%
[19:32:44] [Worker-Main-8/INFO]: Preparing spawn area: 15%
[19:32:45] [Worker-Main-8/INFO]: Preparing spawn area: 15%
[19:32:45] [Worker-Main-8/INFO]: Preparing spawn area: 15%
[19:32:46] [Worker-Main-8/INFO]: Preparing spawn area: 15%
[19:32:46] [Worker-Main-8/INFO]: Preparing spawn area: 15%
[19:32:47] [Worker-Main-8/INFO]: Preparing spawn area: 16%
[19:32:47] [Worker-Main-8/INFO]: Preparing spawn area: 16%
[19:32:48] [Worker-Main-8/INFO]: Preparing spawn area: 16%
[19:32:48] [Worker-Main-8/INFO]: Preparing spawn area: 20%
[19:32:48] [Worker-Main-8/INFO]: Preparing spawn area: 22%
[19:32:49] [Worker-Main-8/INFO]: Preparing spawn area: 22%
[19:32:49] [Worker-Main-8/INFO]: Preparing spawn area: 22%
[19:32:50] [Worker-Main-8/INFO]: Preparing spawn area: 22%
[19:32:50] [Worker-Main-8/INFO]: Preparing spawn area: 22%
[19:32:51] [Worker-Main-8/INFO]: Preparing spawn area: 22%
[19:32:52] [Worker-Main-8/INFO]: Preparing spawn area: 22%
[19:32:53] [Worker-Main-8/INFO]: Preparing spawn area: 23%
[19:32:53] [Worker-Main-8/INFO]: Preparing spawn area: 23%
[19:32:53] [Worker-Main-8/INFO]: Preparing spawn area: 26%
[19:32:54] [Worker-Main-8/INFO]: Preparing spawn area: 27%
[19:32:54] [Worker-Main-8/INFO]: Preparing spawn area: 27%
[19:32:55] [Worker-Main-8/INFO]: Preparing spawn area: 28%
[19:32:55] [Worker-Main-8/INFO]: Preparing spawn area: 29%
[19:32:55] [Worker-Main-8/INFO]: Preparing spawn area: 30%
[19:32:56] [Worker-Main-8/INFO]: Preparing spawn area: 30%
[19:32:57] [Worker-Main-8/INFO]: Preparing spawn area: 30%
[19:32:57] [Worker-Main-8/INFO]: Preparing spawn area: 31%
[19:32:58] [Worker-Main-8/INFO]: Preparing spawn area: 31%
[19:32:58] [Worker-Main-8/INFO]: Preparing spawn area: 31%
[19:32:59] [Worker-Main-8/INFO]: Preparing spawn area: 31%
[19:32:59] [Worker-Main-8/INFO]: Preparing spawn area: 32%
[19:33:00] [Worker-Main-8/INFO]: Preparing spawn area: 32%
[19:33:00] [Worker-Main-8/INFO]: Preparing spawn area: 35%
[19:33:01] [Worker-Main-8/INFO]: Preparing spawn area: 36%
[19:33:02] [Worker-Main-8/INFO]: Preparing spawn area: 36%
[19:33:02] [Worker-Main-8/INFO]: Preparing spawn area: 36%
[19:33:02] [Worker-Main-8/INFO]: Preparing spawn area: 42%
[19:33:02] [Worker-Main-8/INFO]: Preparing spawn area: 42%
[19:33:03] [Worker-Main-8/INFO]: Preparing spawn area: 42%
[19:33:03] [Worker-Main-8/INFO]: Preparing spawn area: 42%
[19:33:04] [Worker-Main-8/INFO]: Preparing spawn area: 42%
[19:33:05] [Worker-Main-8/INFO]: Preparing spawn area: 42%
[19:33:05] [Worker-Main-8/INFO]: Preparing spawn area: 43%
[19:33:06] [Worker-Main-8/INFO]: Preparing spawn area: 46%
[19:33:06] [Worker-Main-8/INFO]: Preparing spawn area: 46%
[19:33:07] [Worker-Main-8/INFO]: Preparing spawn area: 48%
[19:33:07] [Worker-Main-8/INFO]: Preparing spawn area: 48%
[19:33:09] [Worker-Main-8/INFO]: Preparing spawn area: 48%
[19:33:09] [Worker-Main-8/INFO]: Preparing spawn area: 48%
[19:33:09] [Worker-Main-8/INFO]: Preparing spawn area: 48%
[19:33:09] [Worker-Main-8/INFO]: Preparing spawn area: 48%
[19:33:09] [Worker-Main-8/INFO]: Preparing spawn area: 54%
[19:33:10] [Worker-Main-8/INFO]: Preparing spawn area: 54%
[19:33:10] [Worker-Main-8/INFO]: Preparing spawn area: 54%
[19:33:11] [Worker-Main-8/INFO]: Preparing spawn area: 55%
[19:33:12] [Worker-Main-8/INFO]: Preparing spawn area: 55%
[19:33:12] [Worker-Main-8/INFO]: Preparing spawn area: 57%
[19:33:13] [Worker-Main-8/INFO]: Preparing spawn area: 58%
[19:33:13] [Worker-Main-8/INFO]: Preparing spawn area: 58%
[19:33:14] [Worker-Main-8/INFO]: Preparing spawn area: 62%
[19:33:14] [Worker-Main-8/INFO]: Preparing spawn area: 62%
[19:33:15] [Worker-Main-8/INFO]: Preparing spawn area: 62%
[19:33:15] [Worker-Main-8/INFO]: Preparing spawn area: 62%
[19:33:16] [Worker-Main-8/INFO]: Preparing spawn area: 68%
[19:33:16] [Worker-Main-8/INFO]: Preparing spawn area: 68%
[19:33:17] [Worker-Main-8/INFO]: Preparing spawn area: 68%
[19:33:17] [Worker-Main-8/INFO]: Preparing spawn area: 68%
[19:33:18] [Worker-Main-8/INFO]: Preparing spawn area: 68%
[19:33:18] [Worker-Main-8/INFO]: Preparing spawn area: 70%
[19:33:19] [Worker-Main-8/INFO]: Preparing spawn area: 72%
[19:33:19] [Worker-Main-8/INFO]: Preparing spawn area: 72%
[19:33:20] [Worker-Main-8/INFO]: Preparing spawn area: 72%
[19:33:20] [Worker-Main-8/INFO]: Preparing spawn area: 76%
[19:33:21] [Worker-Main-8/INFO]: Preparing spawn area: 76%
[19:33:21] [Worker-Main-8/INFO]: Preparing spawn area: 77%
[19:33:22] [Worker-Main-8/INFO]: Preparing spawn area: 77%
[19:33:22] [Worker-Main-8/INFO]: Preparing spawn area: 78%
[19:33:23] [Worker-Main-8/INFO]: Preparing spawn area: 78%
[19:33:23] [Worker-Main-8/INFO]: Preparing spawn area: 78%
[19:33:24] [Worker-Main-8/INFO]: Preparing spawn area: 82%
[19:33:24] [Worker-Main-8/INFO]: Preparing spawn area: 83%
[19:33:24] [Worker-Main-8/INFO]: Preparing spawn area: 83%
[19:33:25] [Worker-Main-8/INFO]: Preparing spawn area: 83%
[19:33:26] [Worker-Main-8/INFO]: Preparing spawn area: 83%
[19:33:26] [Worker-Main-8/INFO]: Preparing spawn area: 83%
[19:33:26] [Worker-Main-8/INFO]: Preparing spawn area: 83%
[19:33:27] [Worker-Main-8/INFO]: Preparing spawn area: 87%
[19:33:27] [Worker-Main-8/INFO]: Preparing spawn area: 88%
[19:33:28] [Worker-Main-8/INFO]: Preparing spawn area: 90%
[19:33:29] [Worker-Main-8/INFO]: Preparing spawn area: 92%
[19:33:29] [Worker-Main-8/INFO]: Preparing spawn area: 93%
[19:33:30] [Worker-Main-8/INFO]: Preparing spawn area: 95%
[19:33:30] [Worker-Main-8/INFO]: Preparing spawn area: 95%
[19:33:30] [Worker-Main-8/INFO]: Preparing spawn area: 98%
[19:33:31] [Server thread/INFO]: Time elapsed: 66854 ms
[19:33:31] [Server thread/INFO]: Preparing start region for dimension minecraft:the_nether
[19:33:31] [Worker-Main-8/INFO]: Preparing spawn area: 0%
[19:33:31] [Worker-Main-8/INFO]: Preparing spawn area: 0%
[19:33:32] [Worker-Main-8/INFO]: Preparing spawn area: 0%
[19:33:32] [Worker-Main-8/INFO]: Preparing spawn area: 0%
[19:33:33] [Worker-Main-8/INFO]: Preparing spawn area: 1%
[19:33:33] [Worker-Main-8/INFO]: Preparing spawn area: 2%
[19:33:34] [Worker-Main-8/INFO]: Preparing spawn area: 2%
[19:33:34] [Worker-Main-8/INFO]: Preparing spawn area: 4%
[19:33:35] [Worker-Main-8/INFO]: Preparing spawn area: 4%
[19:33:36] [Worker-Main-8/INFO]: Preparing spawn area: 5%
[19:33:36] [Worker-Main-8/INFO]: Preparing spawn area: 5%
[19:33:36] [Worker-Main-8/INFO]: Preparing spawn area: 5%
[19:33:37] [Worker-Main-8/INFO]: Preparing spawn area: 9%
[19:33:37] [Worker-Main-8/INFO]: Preparing spawn area: 9%
[19:33:38] [Worker-Main-8/INFO]: Preparing spawn area: 9%
[19:33:38] [Worker-Main-8/INFO]: Preparing spawn area: 11%
[19:33:39] [Worker-Main-8/INFO]: Preparing spawn area: 12%
[19:33:39] [Worker-Main-8/INFO]: Preparing spawn area: 14%
[19:33:40] [Worker-Main-8/INFO]: Preparing spawn area: 14%
[19:33:40] [Worker-Main-8/INFO]: Preparing spawn area: 15%
[19:33:41] [Worker-Main-8/INFO]: Preparing spawn area: 15%
[19:33:41] [Worker-Main-8/INFO]: Preparing spawn area: 15%
[19:33:42] [Worker-Main-8/INFO]: Preparing spawn area: 15%
[19:33:42] [Worker-Main-8/INFO]: Preparing spawn area: 18%
[19:33:43] [Worker-Main-8/INFO]: Preparing spawn area: 19%
[19:33:43] [Worker-Main-8/INFO]: Preparing spawn area: 22%
[19:33:44] [Worker-Main-8/INFO]: Preparing spawn area: 22%
[19:33:44] [Worker-Main-8/INFO]: Preparing spawn area: 23%
[19:33:45] [Worker-Main-8/INFO]: Preparing spawn area: 24%
[19:33:45] [Worker-Main-8/INFO]: Preparing spawn area: 25%
[19:33:46] [Worker-Main-8/INFO]: Preparing spawn area: 26%
[19:33:46] [Worker-Main-8/INFO]: Preparing spawn area: 27%
[19:33:47] [Worker-Main-8/INFO]: Preparing spawn area: 29%
[19:33:48] [Worker-Main-8/INFO]: Preparing spawn area: 30%
[19:33:48] [Worker-Main-8/INFO]: Preparing spawn area: 31%
[19:33:48] [Worker-Main-8/INFO]: Preparing spawn area: 31%
[19:33:49] [Worker-Main-8/INFO]: Preparing spawn area: 31%
[19:33:49] [Worker-Main-8/INFO]: Preparing spawn area: 34%
[19:33:50] [Worker-Main-8/INFO]: Preparing spawn area: 36%
[19:33:50] [Worker-Main-8/INFO]: Preparing spawn area: 37%
[19:33:51] [Worker-Main-8/INFO]: Preparing spawn area: 37%
[19:33:51] [Worker-Main-8/INFO]: Preparing spawn area: 38%
[19:33:52] [Worker-Main-8/INFO]: Preparing spawn area: 40%
[19:33:52] [Worker-Main-8/INFO]: Preparing spawn area: 42%
[19:33:53] [Worker-Main-8/INFO]: Preparing spawn area: 42%
[19:33:53] [Worker-Main-8/INFO]: Preparing spawn area: 45%
[19:33:54] [Worker-Main-8/INFO]: Preparing spawn area: 46%
[19:33:54] [Worker-Main-8/INFO]: Preparing spawn area: 46%
[19:33:55] [Worker-Main-8/INFO]: Preparing spawn area: 47%
[19:33:55] [Worker-Main-8/INFO]: Preparing spawn area: 50%
[19:33:56] [Worker-Main-8/INFO]: Preparing spawn area: 52%
[19:33:56] [Worker-Main-8/INFO]: Preparing spawn area: 54%
[19:33:57] [Worker-Main-8/INFO]: Preparing spawn area: 54%
[19:33:57] [Worker-Main-8/INFO]: Preparing spawn area: 54%
[19:33:58] [Worker-Main-8/INFO]: Preparing spawn area: 54%
[19:33:58] [Worker-Main-8/INFO]: Preparing spawn area: 54%
[19:33:59] [Worker-Main-8/INFO]: Preparing spawn area: 55%
[19:33:59] [Worker-Main-8/INFO]: Preparing spawn area: 58%
[19:34:00] [Worker-Main-8/INFO]: Preparing spawn area: 59%
[19:34:00] [Worker-Main-8/INFO]: Preparing spawn area: 61%
[19:34:01] [Worker-Main-8/INFO]: Preparing spawn area: 65%
[19:34:01] [Worker-Main-8/INFO]: Preparing spawn area: 68%
[19:34:02] [Worker-Main-8/INFO]: Preparing spawn area: 68%
[19:34:02] [Worker-Main-8/INFO]: Preparing spawn area: 68%
[19:34:03] [Worker-Main-8/INFO]: Preparing spawn area: 68%
[19:34:03] [Worker-Main-8/INFO]: Preparing spawn area: 68%
[19:34:04] [Worker-Main-8/INFO]: Preparing spawn area: 68%
[19:34:04] [Worker-Main-8/INFO]: Preparing spawn area: 70%
[19:34:05] [Worker-Main-8/INFO]: Preparing spawn area: 72%
[19:34:05] [Worker-Main-8/INFO]: Preparing spawn area: 72%
[19:34:06] [Worker-Main-8/INFO]: Preparing spawn area: 72%
[19:34:07] [Worker-Main-8/INFO]: Preparing spawn area: 81%
[19:34:07] [Worker-Main-8/INFO]: Preparing spawn area: 83%
[19:34:07] [Worker-Main-8/INFO]: Preparing spawn area: 83%
[19:34:08] [Worker-Main-8/INFO]: Preparing spawn area: 84%
[19:34:08] [Worker-Main-8/INFO]: Preparing spawn area: 87%
[19:34:09] [Worker-Main-8/INFO]: Preparing spawn area: 88%
[19:34:09] [Worker-Main-8/INFO]: Preparing spawn area: 89%
[19:34:10] [Worker-Main-8/INFO]: Preparing spawn area: 89%
[19:34:10] [Worker-Main-8/INFO]: Preparing spawn area: 89%
[19:34:11] [Worker-Main-8/INFO]: Preparing spawn area: 93%
[19:34:11] [Worker-Main-8/INFO]: Preparing spawn area: 96%
[19:34:12] [Worker-Main-8/INFO]: Preparing spawn area: 97%
[19:34:12] [Server thread/INFO]: Time elapsed: 41340 ms
[19:34:12] [Server thread/INFO]: Preparing start region for dimension minecraft:the_end
[19:34:12] [Worker-Main-8/INFO]: Preparing spawn area: 0%
[19:34:13] [Worker-Main-8/INFO]: Preparing spawn area: 0%
[19:34:13] [Worker-Main-8/INFO]: Preparing spawn area: 1%
[19:34:14] [Worker-Main-8/INFO]: Preparing spawn area: 7%
[19:34:14] [Worker-Main-8/INFO]: Preparing spawn area: 15%
[19:34:15] [Worker-Main-8/INFO]: Preparing spawn area: 22%
[19:34:15] [Worker-Main-8/INFO]: Preparing spawn area: 41%
[19:34:16] [Worker-Main-8/INFO]: Preparing spawn area: 54%
[19:34:16] [Worker-Main-8/INFO]: Preparing spawn area: 54%
[19:34:17] [Worker-Main-8/INFO]: Preparing spawn area: 68%
[19:34:17] [Worker-Main-8/INFO]: Preparing spawn area: 79%
[19:34:18] [Worker-Main-8/INFO]: Preparing spawn area: 88%
[19:34:18] [Server thread/INFO]: Time elapsed: 5895 ms
[19:34:18] [Server thread/INFO]: Server permissions file permissions.yml is empty, ignoring it
[19:34:18] [Server thread/INFO]: Done (140.917s)! For help, type "help"
[19:34:23] [Server thread/INFO]: /127.0.0.1:51089 lost connection: If you wish to use IP forwarding, please enable it in your BungeeCord config as well!
[19:34:23] [Server thread/INFO]: /127.0.0.1:51095 lost connection: If you wish to use IP forwarding, please enable it in your BungeeCord config as well!
[19:34:24] [Server thread/WARN]: Can't keep up! Is the server overloaded? Running 5085ms or 101 ticks behind
[19:34:32] [Server thread/INFO]: /127.0.0.1:51098 lost connection: If you wish to use IP forwarding, please enable it in your BungeeCord config as well!
[19:34:39] [Server thread/INFO]: /127.0.0.1:51099 lost connection: If you wish to use IP forwarding, please enable it in your BungeeCord config as well!
